<?xml version="1.0" encoding="UTF-8"?>
<Site BuildName="Win32-mingw32-make"
	BuildStamp="20200630-1524-Experimental"
	Name="DESKTOP-3BI66OM"
	Generator="ctest-3.17.2"
	CompilerName="C:/Program Files/mingw-w64/x86_64-8.1.0-win32-seh-rt_v6-rev0/mingw64/bin/x86_64-w64-mingw32-g++.exe"
	CompilerVersion="8.1.0"
	OSName="Windows"
	Hostname="DESKTOP-3BI66OM"
	OSRelease=" Professional"
	OSVersion=" (Build 18363)"
	OSPlatform="AMD64"
	Is64Bits="1"
	VendorString="AuthenticAMD"
	VendorID="Advanced Micro Devices"
	FamilyID="15"
	ModelID="1"
	ProcessorCacheSize="64"
	NumberOfLogicalCPU="12"
	NumberOfPhysicalCPU="6"
	TotalVirtualMemory="35316"
	TotalPhysicalMemory="16334"
	LogicalProcessorsPerPhysical="2"
	ProcessorClockFrequency="3799"
	>
	<Testing>
		<StartDateTime>Jun 30 11:24 Eastern Daylight Time</StartDateTime>
		<StartTestTime>1593530653</StartTestTime>
		<TestList/>
		<EndDateTime>Jun 30 11:24 Eastern Daylight Time</EndDateTime>
		<EndTestTime>1593530653</EndTestTime>
		<ElapsedMinutes>0</ElapsedMinutes>
	</Testing>
</Site>
